app/build/outputs/logs/manifest-merger-debug-report.txt
-- Merging decision tree log ---
manifest
ADDED from src/main/AndroidManifest.xml:2:1-163:12
	xmlns:android
		ADDED from src/main/AndroidManifest.xml:2:11-69
	package
		ADDED from src/main/AndroidManifest.xml:3:5-36
		INJECTED from src/main/AndroidManifest.xml
		INJECTED from src/main/AndroidManifest.xml
	android:versionName
		INJECTED from src/main/AndroidManifest.xml
		INJECTED from src/main/AndroidManifest.xml
	android:versionCode
		INJECTED from src/main/AndroidManifest.xml
		INJECTED from src/main/AndroidManifest.xml
uses-permission#android.permission.GET_TASKS
ADDED from src/main/AndroidManifest.xml:4:5-68
	android:name
		ADDED from src/main/AndroidManifest.xml:4:22-65
uses-permission#android.permission.INTERNET
ADDED from src/main/AndroidManifest.xml:5:5-67
	android:name
		ADDED from src/main/AndroidManifest.xml:5:22-64
uses-permission#android.permission.ACCESS_WIFI_STATE
ADDED from src/main/AndroidManifest.xml:6:5-76
	android:name
		ADDED from src/main/AndroidManifest.xml:6:22-73
uses-permission#android.permission.ACCESS_NETWORK_STATE
ADDED from src/main/AndroidManifest.xml:7:5-79
	android:name
		ADDED from src/main/AndroidManifest.xml:7:22-76
uses-permission#android.permission.CHANGE_WIFI_STATE
ADDED from src/main/AndroidManifest.xml:8:5-76
	android:name
		ADDED from src/main/AndroidManifest.xml:8:22-73
uses-permission#android.permission.WRITE_EXTERNAL_STORAGE
ADDED from src/main/AndroidManifest.xml:9:5-81
	android:name
		ADDED from src/main/AndroidManifest.xml:9:22-78
uses-permission#android.permission.READ_PHONE_STATE
ADDED from src/main/AndroidManifest.xml:10:5-75
	android:name
		ADDED from src/main/AndroidManifest.xml:10:22-72
uses-permission#android.permission.MANAGE_ACCOUNTS
ADDED from src/main/AndroidManifest.xml:11:5-73
	android:name
		ADDED from src/main/AndroidManifest.xml:11:22-71
uses-permission#android.permission.GET_ACCOUNTS
ADDED from src/main/AndroidManifest.xml:12:5-70
	android:name
		ADDED from src/main/AndroidManifest.xml:12:22-68
uses-permission#android.permission.BLUETOOTH
ADDED from src/main/AndroidManifest.xml:14:5-68
	android:name
		ADDED from src/main/AndroidManifest.xml:14:22-65
uses-permission#android.permission.BLUETOOTH_ADMIN
ADDED from src/main/AndroidManifest.xml:15:5-74
	android:name
		ADDED from src/main/AndroidManifest.xml:15:22-71
permission#com.lanou.dllo.mynews.permission.JPUSH_MESSAGE
ADDED from src/main/AndroidManifest.xml:19:5-117
	android:protectionLevel
		ADDED from src/main/AndroidManifest.xml:19:79-114
	android:name
		ADDED from src/main/AndroidManifest.xml:19:17-78
uses-permission#com.lanou.dllo.mynews.permission.JPUSH_MESSAGE
ADDED from src/main/AndroidManifest.xml:22:5-86
	android:name
		ADDED from src/main/AndroidManifest.xml:22:22-83
uses-permission#android.permission.RECEIVE_USER_PRESENT
ADDED from src/main/AndroidManifest.xml:23:5-79
	android:name
		ADDED from src/main/AndroidManifest.xml:23:22-76
uses-permission#android.permission.WAKE_LOCK
ADDED from src/main/AndroidManifest.xml:24:5-68
	android:name
		ADDED from src/main/AndroidManifest.xml:24:22-65
uses-permission#android.permission.READ_EXTERNAL_STORAGE
ADDED from src/main/AndroidManifest.xml:27:5-80
	android:name
		ADDED from src/main/AndroidManifest.xml:27:22-77
uses-permission#android.permission.VIBRATE
ADDED from src/main/AndroidManifest.xml:28:5-66
	android:name
		ADDED from src/main/AndroidManifest.xml:28:22-63
uses-permission#android.permission.MOUNT_UNMOUNT_FILESYSTEMS
ADDED from src/main/AndroidManifest.xml:29:5-84
	android:name
		ADDED from src/main/AndroidManifest.xml:29:22-81
uses-permission#android.permission.WRITE_SETTINGS
ADDED from src/main/AndroidManifest.xml:31:5-73
	android:name
		ADDED from src/main/AndroidManifest.xml:31:22-70
application
ADDED from src/main/AndroidManifest.xml:32:5-161:19
MERGED from [com.android.support:appcompat-v7:23.1.1] AndroidManifest.xml:22:5-20
MERGED from [com.android.support:support-v4:23.1.1] AndroidManifest.xml:22:5-20
MERGED from [com.android.support:design:23.1.1] AndroidManifest.xml:22:5-20
MERGED from [com.android.support:appcompat-v7:23.1.1] AndroidManifest.xml:22:5-20
MERGED from [com.android.support:support-v4:23.1.1] AndroidManifest.xml:22:5-20
MERGED from [com.android.support:support-v4:23.1.1] AndroidManifest.xml:22:5-20
MERGED from [com.android.support:support-v4:23.1.1] AndroidManifest.xml:22:5-20
MERGED from [com.android.support:support-v4:23.1.1] AndroidManifest.xml:22:5-20
MERGED from [com.android.support:support-v4:23.1.1] AndroidManifest.xml:22:5-20
MERGED from [com.android.support:support-v4:23.1.1] AndroidManifest.xml:22:5-20
MERGED from [com.android.support:support-v4:23.1.1] AndroidManifest.xml:22:5-20
MERGED from [com.android.support:design:23.1.1] AndroidManifest.xml:22:5-20
MERGED from [com.android.support:appcompat-v7:23.1.1] AndroidManifest.xml:22:5-20
MERGED from [com.android.support:support-v4:23.1.1] AndroidManifest.xml:22:5-20
MERGED from [com.android.support:support-v4:23.1.1] AndroidManifest.xml:22:5-20
MERGED from [com.android.support:support-v4:23.1.1] AndroidManifest.xml:22:5-20
MERGED from [com.android.support:cardview-v7:23.0.1] AndroidManifest.xml:22:5-20
	android:label
		ADDED from src/main/AndroidManifest.xml:36:9-41
	android:allowBackup
		ADDED from src/main/AndroidManifest.xml:34:9-35
	android:icon
		ADDED from src/main/AndroidManifest.xml:35:9-49
	android:theme
		ADDED from src/main/AndroidManifest.xml:37:9-40
	android:name
		ADDED from src/main/AndroidManifest.xml:33:9-45
activity#com.lanou.dllo.mynews.activity.WelcomeActivity
ADDED from src/main/AndroidManifest.xml:38:9-44:20
	android:name
		ADDED from src/main/AndroidManifest.xml:38:19-59
intent-filter#android.intent.action.MAIN+android.intent.category.LAUNCHER
ADDED from src/main/AndroidManifest.xml:39:13-43:29
action#android.intent.action.MAIN
ADDED from src/main/AndroidManifest.xml:40:17-69
	android:name
		ADDED from src/main/AndroidManifest.xml:40:25-66
category#android.intent.category.LAUNCHER
ADDED from src/main/AndroidManifest.xml:42:17-77
	android:name
		ADDED from src/main/AndroidManifest.xml:42:27-74
activity#com.lanou.dllo.mynews.activity.MainActivity
ADDED from src/main/AndroidManifest.xml:45:9-58
	android:name
		ADDED from src/main/AndroidManifest.xml:45:19-56
activity#com.lanou.dllo.mynews.activity.GuideActivity
ADDED from src/main/AndroidManifest.xml:46:9-59
	android:name
		ADDED from src/main/AndroidManifest.xml:46:19-57
activity#com.lanou.dllo.mynews.activity.LoginActivity
ADDED from src/main/AndroidManifest.xml:47:9-59
	android:name
		ADDED from src/main/AndroidManifest.xml:47:19-57
activity#com.lanou.dllo.mynews.activity.GoldMallActivity
ADDED from src/main/AndroidManifest.xml:48:9-62
	android:name
		ADDED from src/main/AndroidManifest.xml:48:19-60
activity#com.lanou.dllo.mynews.activity.NewsContentActivity
ADDED from src/main/AndroidManifest.xml:49:9-65
	android:name
		ADDED from src/main/AndroidManifest.xml:49:19-63
activity#com.lanou.dllo.mynews.activity.Hours24Activity
ADDED from src/main/AndroidManifest.xml:50:9-61
	android:name
		ADDED from src/main/AndroidManifest.xml:50:19-59
activity#com.lanou.dllo.mynews.activity.TopicContentActivity
ADDED from src/main/AndroidManifest.xml:51:9-66
	android:name
		ADDED from src/main/AndroidManifest.xml:51:19-64
activity#com.lanou.dllo.mynews.activity.WeatherActivity
ADDED from src/main/AndroidManifest.xml:52:9-61
	android:name
		ADDED from src/main/AndroidManifest.xml:52:19-59
activity#com.lanou.dllo.mynews.activity.TopicFocusActivity
ADDED from src/main/AndroidManifest.xml:53:9-64
	android:name
		ADDED from src/main/AndroidManifest.xml:53:19-62
activity#com.lanou.dllo.mynews.activity.ReadRecommendContentActivity
ADDED from src/main/AndroidManifest.xml:54:9-74
	android:name
		ADDED from src/main/AndroidManifest.xml:54:19-72
activity#com.lanou.dllo.mynews.activity.SearchActivity
ADDED from src/main/AndroidManifest.xml:55:9-60
	android:name
		ADDED from src/main/AndroidManifest.xml:55:19-58
activity#com.lanou.dllo.mynews.activity.WeatherLifeIndexActivity
ADDED from src/main/AndroidManifest.xml:56:9-70
	android:name
		ADDED from src/main/AndroidManifest.xml:56:19-68
activity#com.mob.tools.MobUIShell
ADDED from src/main/AndroidManifest.xml:58:9-77:20
	android:windowSoftInputMode
		ADDED from src/main/AndroidManifest.xml:63:13-67
	android:screenOrientation
		ADDED from src/main/AndroidManifest.xml:62:13-49
	android:configChanges
		ADDED from src/main/AndroidManifest.xml:61:13-74
	android:theme
		ADDED from src/main/AndroidManifest.xml:60:13-72
	android:name
		ADDED from src/main/AndroidManifest.xml:59:13-52
intent-filter#android.intent.action.VIEW+android.intent.category.BROWSABLE+android.intent.category.DEFAULT
ADDED from src/main/AndroidManifest.xml:65:13-70:29
data
ADDED from src/main/AndroidManifest.xml:66:17-59
	android:scheme
		ADDED from src/main/AndroidManifest.xml:66:23-56
action#android.intent.action.VIEW
ADDED from src/main/AndroidManifest.xml:67:17-69
	android:name
		ADDED from src/main/AndroidManifest.xml:67:25-66
category#android.intent.category.BROWSABLE
ADDED from src/main/AndroidManifest.xml:68:17-78
	android:name
		ADDED from src/main/AndroidManifest.xml:68:27-75
category#android.intent.category.DEFAULT
ADDED from src/main/AndroidManifest.xml:69:17-76
	android:name
		ADDED from src/main/AndroidManifest.xml:69:27-73
intent-filter#android.intent.category.DEFAULT+com.sina.weibo.sdk.action.ACTION_SDK_REQ_ACTIVITY
ADDED from src/main/AndroidManifest.xml:73:13-76:29
action#com.sina.weibo.sdk.action.ACTION_SDK_REQ_ACTIVITY
ADDED from src/main/AndroidManifest.xml:74:17-92
	android:name
		ADDED from src/main/AndroidManifest.xml:74:25-89
activity#com.lanou.dllo.mynews.wxapi.WXEntryActivity
ADDED from src/main/AndroidManifest.xml:79:9-84:52
	android:screenOrientation
		ADDED from src/main/AndroidManifest.xml:84:13-49
	android:configChanges
		ADDED from src/main/AndroidManifest.xml:82:13-74
	android:theme
		ADDED from src/main/AndroidManifest.xml:81:13-72
	android:exported
		ADDED from src/main/AndroidManifest.xml:83:13-36
	android:name
		ADDED from src/main/AndroidManifest.xml:80:13-50
service#cn.jpush.android.service.PushService
ADDED from src/main/AndroidManifest.xml:89:9-99:19
	android:exported
		ADDED from src/main/AndroidManifest.xml:92:13-37
	android:enabled
		ADDED from src/main/AndroidManifest.xml:91:13-35
	android:name
		ADDED from src/main/AndroidManifest.xml:90:13-64
intent-filter#cn.jpush.android.intent.PUSH_TIME+cn.jpush.android.intent.PushService+cn.jpush.android.intent.REGISTER+cn.jpush.android.intent.REPORT
ADDED from src/main/AndroidManifest.xml:93:13-98:29
action#cn.jpush.android.intent.REGISTER
ADDED from src/main/AndroidManifest.xml:94:17-75
	android:name
		ADDED from src/main/AndroidManifest.xml:94:25-72
action#cn.jpush.android.intent.REPORT
ADDED from src/main/AndroidManifest.xml:95:17-73
	android:name
		ADDED from src/main/AndroidManifest.xml:95:25-70
action#cn.jpush.android.intent.PushService
ADDED from src/main/AndroidManifest.xml:96:17-78
	android:name
		ADDED from src/main/AndroidManifest.xml:96:25-75
action#cn.jpush.android.intent.PUSH_TIME
ADDED from src/main/AndroidManifest.xml:97:17-76
	android:name
		ADDED from src/main/AndroidManifest.xml:97:25-73
service#cn.jpush.android.service.DaemonService
ADDED from src/main/AndroidManifest.xml:103:9-111:19
	android:exported
		ADDED from src/main/AndroidManifest.xml:106:13-36
	android:enabled
		ADDED from src/main/AndroidManifest.xml:105:13-35
	android:name
		ADDED from src/main/AndroidManifest.xml:104:13-66
intent-filter#cn.jpush.android.intent.DaemonService+com.lanou.dllo.mynews
ADDED from src/main/AndroidManifest.xml:107:13-110:29
action#cn.jpush.android.intent.DaemonService
ADDED from src/main/AndroidManifest.xml:108:17-80
	android:name
		ADDED from src/main/AndroidManifest.xml:108:25-77
category#com.lanou.dllo.mynews
ADDED from src/main/AndroidManifest.xml:109:17-65
	android:name
		ADDED from src/main/AndroidManifest.xml:109:27-63
receiver#cn.jpush.android.service.PushReceiver
ADDED from src/main/AndroidManifest.xml:114:9-131:20
	android:enabled
		ADDED from src/main/AndroidManifest.xml:116:13-35
	android:name
		ADDED from src/main/AndroidManifest.xml:115:13-65
intent-filter#cn.jpush.android.intent.NOTIFICATION_RECEIVED_PROXY+com.lanou.dllo.mynews
ADDED from src/main/AndroidManifest.xml:117:13-120:29
	android:priority
		ADDED from src/main/AndroidManifest.xml:117:28-51
action#cn.jpush.android.intent.NOTIFICATION_RECEIVED_PROXY
ADDED from src/main/AndroidManifest.xml:118:17-94
	android:name
		ADDED from src/main/AndroidManifest.xml:118:25-91
intent-filter#android.intent.action.USER_PRESENT+android.net.conn.CONNECTIVITY_CHANGE
ADDED from src/main/AndroidManifest.xml:121:13-124:29
action#android.intent.action.USER_PRESENT
ADDED from src/main/AndroidManifest.xml:122:17-77
	android:name
		ADDED from src/main/AndroidManifest.xml:122:25-74
action#android.net.conn.CONNECTIVITY_CHANGE
ADDED from src/main/AndroidManifest.xml:123:17-79
	android:name
		ADDED from src/main/AndroidManifest.xml:123:25-76
intent-filter#android.intent.action.PACKAGE_ADDED+android.intent.action.PACKAGE_REMOVED
ADDED from src/main/AndroidManifest.xml:126:13-130:29
action#android.intent.action.PACKAGE_ADDED
ADDED from src/main/AndroidManifest.xml:127:17-78
	android:name
		ADDED from src/main/AndroidManifest.xml:127:25-75
action#android.intent.action.PACKAGE_REMOVED
ADDED from src/main/AndroidManifest.xml:128:17-80
	android:name
		ADDED from src/main/AndroidManifest.xml:128:25-77
activity#cn.jpush.android.ui.PushActivity
ADDED from src/main/AndroidManifest.xml:133:9-142:20
	android:configChanges
		ADDED from src/main/AndroidManifest.xml:135:13-63
	android:exported
		ADDED from src/main/AndroidManifest.xml:136:13-37
	android:name
		ADDED from src/main/AndroidManifest.xml:134:13-60
intent-filter#android.intent.category.DEFAULT+cn.jpush.android.ui.PushActivity+com.lanou.dllo.mynews
ADDED from src/main/AndroidManifest.xml:137:13-141:29
action#cn.jpush.android.ui.PushActivity
ADDED from src/main/AndroidManifest.xml:138:17-75
	android:name
		ADDED from src/main/AndroidManifest.xml:138:25-72
service#cn.jpush.android.service.DownloadService
ADDED from src/main/AndroidManifest.xml:144:9-148:19
	android:exported
		ADDED from src/main/AndroidManifest.xml:147:13-37
	android:enabled
		ADDED from src/main/AndroidManifest.xml:146:13-35
	android:name
		ADDED from src/main/AndroidManifest.xml:145:13-68
receiver#cn.jpush.android.service.AlarmReceiver
ADDED from src/main/AndroidManifest.xml:150:9-75
	android:name
		ADDED from src/main/AndroidManifest.xml:150:19-72
meta-data#JPUSH_CHANNEL
ADDED from src/main/AndroidManifest.xml:158:9-84
	android:name
		ADDED from src/main/AndroidManifest.xml:158:20-48
	android:value
		ADDED from src/main/AndroidManifest.xml:158:49-82
meta-data#JPUSH_APPKEY
ADDED from src/main/AndroidManifest.xml:160:9-90
	android:name
		ADDED from src/main/AndroidManifest.xml:160:20-47
	android:value
		ADDED from src/main/AndroidManifest.xml:160:48-88
uses-sdk
INJECTED from src/main/AndroidManifest.xml reason: use-sdk injection requested
MERGED from [com.android.support:appcompat-v7:23.1.1] AndroidManifest.xml:20:5-43
MERGED from [com.android.support:support-v4:23.1.1] AndroidManifest.xml:20:5-43
MERGED from [com.android.support:design:23.1.1] AndroidManifest.xml:20:5-43
MERGED from [com.android.support:appcompat-v7:23.1.1] AndroidManifest.xml:20:5-43
MERGED from [com.android.support:support-v4:23.1.1] AndroidManifest.xml:20:5-43
MERGED from [com.android.support:recyclerview-v7:23.1.1] AndroidManifest.xml:20:5-43
MERGED from [com.android.support:support-v4:23.1.1] AndroidManifest.xml:20:5-43
MERGED from [com.android.support:support-v4:23.1.1] AndroidManifest.xml:20:5-43
MERGED from [com.android.support:recyclerview-v7:23.1.1] AndroidManifest.xml:20:5-43
MERGED from [com.android.support:support-v4:23.1.1] AndroidManifest.xml:20:5-43
MERGED from [com.facebook.fresco:fresco:0.9.0] AndroidManifest.xml:5:5-7:41
MERGED from [com.facebook.fresco:drawee:0.9.0] AndroidManifest.xml:5:5-7:41
MERGED from [com.android.support:support-v4:23.1.1] AndroidManifest.xml:20:5-43
MERGED from [com.facebook.fresco:fbcore:0.9.0] AndroidManifest.xml:5:5-7:41
MERGED from [com.facebook.fresco:fbcore:0.9.0] AndroidManifest.xml:5:5-7:41
MERGED from [com.facebook.fresco:imagepipeline:0.9.0] AndroidManifest.xml:5:5-7:41
MERGED from [com.android.support:support-v4:23.1.1] AndroidManifest.xml:20:5-43
MERGED from [com.facebook.fresco:fbcore:0.9.0] AndroidManifest.xml:5:5-7:41
MERGED from [com.facebook.fresco:imagepipeline-base:0.9.0] AndroidManifest.xml:5:5-7:41
MERGED from [com.android.support:support-v4:23.1.1] AndroidManifest.xml:20:5-43
MERGED from [com.facebook.fresco:fbcore:0.9.0] AndroidManifest.xml:5:5-7:41
MERGED from [com.android.support:design:23.1.1] AndroidManifest.xml:20:5-43
MERGED from [com.android.support:appcompat-v7:23.1.1] AndroidManifest.xml:20:5-43
MERGED from [com.android.support:support-v4:23.1.1] AndroidManifest.xml:20:5-43
MERGED from [com.android.support:recyclerview-v7:23.1.1] AndroidManifest.xml:20:5-43
MERGED from [com.android.support:support-v4:23.1.1] AndroidManifest.xml:20:5-43
MERGED from [com.android.support:support-v4:23.1.1] AndroidManifest.xml:20:5-43
MERGED from [com.android.support:cardview-v7:23.0.1] AndroidManifest.xml:20:5-43
	android:targetSdkVersion
		INJECTED from src/main/AndroidManifest.xml
		INJECTED from src/main/AndroidManifest.xml
	android:minSdkVersion
		INJECTED from src/main/AndroidManifest.xml
		INJECTED from src/main/AndroidManifest.xml